

Started GET "/guess/1/rrrr" for 127.0.0.1 at Fri Mar 01 14:50:41 -0800 2013
Connecting to database specified by database.yml

ActionController::RoutingError (No route matches [GET] "/guess/1/rrrr"):
  actionpack (3.2.12) lib/action_dispatch/middleware/debug_exceptions.rb:21:in `call'
  actionpack (3.2.12) lib/action_dispatch/middleware/show_exceptions.rb:56:in `call'
  railties (3.2.12) lib/rails/rack/logger.rb:32:in `call_app'
  railties (3.2.12) lib/rails/rack/logger.rb:16:in `call'
  activesupport (3.2.12) lib/active_support/tagged_logging.rb:22:in `tagged'
  railties (3.2.12) lib/rails/rack/logger.rb:16:in `call'
  actionpack (3.2.12) lib/action_dispatch/middleware/request_id.rb:22:in `call'
  rack (1.4.5) lib/rack/methodoverride.rb:21:in `call'
  rack (1.4.5) lib/rack/runtime.rb:17:in `call'
  activesupport (3.2.12) lib/active_support/cache/strategy/local_cache.rb:72:in `call'
  rack (1.4.5) lib/rack/lock.rb:15:in `call'
  actionpack (3.2.12) lib/action_dispatch/middleware/static.rb:62:in `call'
  railties (3.2.12) lib/rails/engine.rb:479:in `call'
  railties (3.2.12) lib/rails/application.rb:223:in `call'
  rack (1.4.5) lib/rack/content_length.rb:14:in `call'
  railties (3.2.12) lib/rails/rack/log_tailer.rb:17:in `call'
  rack (1.4.5) lib/rack/handler/webrick.rb:59:in `service'
  /System/Library/Frameworks/Ruby.framework/Versions/1.8/usr/lib/ruby/1.8/webrick/httpserver.rb:104:in `service'
  /System/Library/Frameworks/Ruby.framework/Versions/1.8/usr/lib/ruby/1.8/webrick/httpserver.rb:65:in `run'
  /System/Library/Frameworks/Ruby.framework/Versions/1.8/usr/lib/ruby/1.8/webrick/server.rb:173:in `start_thread'
  /System/Library/Frameworks/Ruby.framework/Versions/1.8/usr/lib/ruby/1.8/webrick/server.rb:162:in `start'
  /System/Library/Frameworks/Ruby.framework/Versions/1.8/usr/lib/ruby/1.8/webrick/server.rb:162:in `start_thread'
  /System/Library/Frameworks/Ruby.framework/Versions/1.8/usr/lib/ruby/1.8/webrick/server.rb:95:in `start'
  /System/Library/Frameworks/Ruby.framework/Versions/1.8/usr/lib/ruby/1.8/webrick/server.rb:92:in `each'
  /System/Library/Frameworks/Ruby.framework/Versions/1.8/usr/lib/ruby/1.8/webrick/server.rb:92:in `start'
  /System/Library/Frameworks/Ruby.framework/Versions/1.8/usr/lib/ruby/1.8/webrick/server.rb:23:in `start'
  /System/Library/Frameworks/Ruby.framework/Versions/1.8/usr/lib/ruby/1.8/webrick/server.rb:82:in `start'
  rack (1.4.5) lib/rack/handler/webrick.rb:13:in `run'
  rack (1.4.5) lib/rack/server.rb:268:in `start'
  railties (3.2.12) lib/rails/commands/server.rb:70:in `start'
  railties (3.2.12) lib/rails/commands.rb:55
  railties (3.2.12) lib/rails/commands.rb:50:in `tap'
  railties (3.2.12) lib/rails/commands.rb:50
  script/rails:6:in `require'
  script/rails:6


  Rendered /Library/Ruby/Gems/1.8/gems/actionpack-3.2.12/lib/action_dispatch/middleware/templates/rescues/routing_error.erb within rescues/layout (0.9ms)


Started GET "/game/show/1" for 127.0.0.1 at Fri Mar 01 14:50:45 -0800 2013
Processing by GameController#show as HTML
  Parameters: {"id"=>"1"}
Completed 500 Internal Server Error in 8ms

ActiveRecord::StatementInvalid (Could not find table 'games'):
  app/controllers/application_controller.rb:5:in `find_game'


  Rendered /Library/Ruby/Gems/1.8/gems/actionpack-3.2.12/lib/action_dispatch/middleware/templates/rescues/_trace.erb (1.0ms)
  Rendered /Library/Ruby/Gems/1.8/gems/actionpack-3.2.12/lib/action_dispatch/middleware/templates/rescues/_request_and_response.erb (0.7ms)
  Rendered /Library/Ruby/Gems/1.8/gems/actionpack-3.2.12/lib/action_dispatch/middleware/templates/rescues/diagnostics.erb within rescues/layout (8.5ms)
Connecting to database specified by database.yml
  [1m[36m (0.1ms)[0m  [1mselect sqlite_version(*)[0m
  [1m[35m (1.2ms)[0m  CREATE TABLE "schema_migrations" ("version" varchar(255) NOT NULL) 
  [1m[36m (1.2ms)[0m  [1mCREATE UNIQUE INDEX "unique_schema_migrations" ON "schema_migrations" ("version")[0m
  [1m[35m (0.1ms)[0m  SELECT "schema_migrations"."version" FROM "schema_migrations" 
Migrating to CreateGameAndGuesses (20130301201417)
  [1m[36m (0.0ms)[0m  [1mbegin transaction[0m
  [1m[35m (0.5ms)[0m  CREATE TABLE "games" ("id" INTEGER PRIMARY KEY AUTOINCREMENT NOT NULL, "answer" varchar(255), "active" boolean, "created_at" datetime NOT NULL, "updated_at" datetime NOT NULL) 
  [1m[36m (0.2ms)[0m  [1mCREATE TABLE "guesses" ("id" INTEGER PRIMARY KEY AUTOINCREMENT NOT NULL, "game_id" integer, "guess" varchar(255), "created_at" datetime NOT NULL, "updated_at" datetime NOT NULL) [0m
  [1m[35m (0.1ms)[0m  INSERT INTO "schema_migrations" ("version") VALUES ('20130301201417')
  [1m[36m (6.1ms)[0m  [1mcommit transaction[0m
Migrating to AddFieldsToGame (20130301201418)
  [1m[35m (0.1ms)[0m  begin transaction
  [1m[36m (0.4ms)[0m  [1mALTER TABLE "games" ADD "charset" varchar(255)[0m
  [1m[35m (0.1ms)[0m  ALTER TABLE "games" ADD "guess_slots" varchar(255)
  [1m[36m (0.1ms)[0m  [1mINSERT INTO "schema_migrations" ("version") VALUES ('20130301201418')[0m
  [1m[35m (1.7ms)[0m  commit transaction
  [1m[36m (0.1ms)[0m  [1mSELECT "schema_migrations"."version" FROM "schema_migrations" [0m


Started GET "/game/show/1" for 127.0.0.1 at Fri Mar 01 14:51:04 -0800 2013
Connecting to database specified by database.yml
Processing by GameController#show as HTML
  Parameters: {"id"=>"1"}
  [1m[36mGame Load (0.2ms)[0m  [1mSELECT "games".* FROM "games" WHERE "games"."id" = 1 LIMIT 1[0m
Filter chain halted as :find_game rendered or redirected
Completed 200 OK in 22ms (Views: 0.3ms | ActiveRecord: 1.5ms)


Started GET "/game/create" for 127.0.0.1 at Fri Mar 01 14:51:07 -0800 2013
Processing by GameController#create as HTML
Completed 500 Internal Server Error in 5ms

NoMethodError (private method `split' called for nil:NilClass):
  app/controllers/game_controller.rb:5:in `create'


  Rendered /Library/Ruby/Gems/1.8/gems/actionpack-3.2.12/lib/action_dispatch/middleware/templates/rescues/_trace.erb (1.0ms)
  Rendered /Library/Ruby/Gems/1.8/gems/actionpack-3.2.12/lib/action_dispatch/middleware/templates/rescues/_request_and_response.erb (0.6ms)
  Rendered /Library/Ruby/Gems/1.8/gems/actionpack-3.2.12/lib/action_dispatch/middleware/templates/rescues/diagnostics.erb within rescues/layout (8.9ms)


Started GET "/game/create" for 127.0.0.1 at Fri Mar 01 14:51:42 -0800 2013

SyntaxError (/Users/wb/mastermind/app/controllers/game_controller.rb:5: syntax error, unexpected ')', expecting kEND
    chars = params[:chars].try(:split, "")) || Game.default_chars
                                           ^):
  activesupport (3.2.12) lib/active_support/dependencies.rb:469:in `load'
  activesupport (3.2.12) lib/active_support/dependencies.rb:469:in `load_file'
  activesupport (3.2.12) lib/active_support/dependencies.rb:639:in `new_constants_in'
  activesupport (3.2.12) lib/active_support/dependencies.rb:468:in `load_file'
  activesupport (3.2.12) lib/active_support/dependencies.rb:353:in `require_or_load'
  activesupport (3.2.12) lib/active_support/dependencies.rb:502:in `load_missing_constant'
  activesupport (3.2.12) lib/active_support/dependencies.rb:192:in `const_missing'
  activesupport (3.2.12) lib/active_support/dependencies.rb:190:in `each'
  activesupport (3.2.12) lib/active_support/dependencies.rb:190:in `const_missing'
  activesupport (3.2.12) lib/active_support/inflector/methods.rb:219:in `constantize'
  activesupport (3.2.12) lib/active_support/inflector/methods.rb:218:in `each'
  activesupport (3.2.12) lib/active_support/inflector/methods.rb:218:in `constantize'
  activesupport (3.2.12) lib/active_support/dependencies.rb:554:in `get'
  actionpack (3.2.12) lib/action_dispatch/routing/route_set.rb:69:in `controller_reference'
  actionpack (3.2.12) lib/action_dispatch/routing/route_set.rb:54:in `controller'
  actionpack (3.2.12) lib/action_dispatch/routing/route_set.rb:32:in `call'
  journey (1.0.4) lib/journey/router.rb:68:in `call'
  journey (1.0.4) lib/journey/router.rb:56:in `each'
  journey (1.0.4) lib/journey/router.rb:56:in `call'
  actionpack (3.2.12) lib/action_dispatch/routing/route_set.rb:601:in `call'
  actionpack (3.2.12) lib/action_dispatch/middleware/best_standards_support.rb:17:in `call'
  rack (1.4.5) lib/rack/etag.rb:23:in `call'
  rack (1.4.5) lib/rack/conditionalget.rb:25:in `call'
  actionpack (3.2.12) lib/action_dispatch/middleware/head.rb:14:in `call'
  actionpack (3.2.12) lib/action_dispatch/middleware/params_parser.rb:21:in `call'
  actionpack (3.2.12) lib/action_dispatch/middleware/flash.rb:242:in `call'
  rack (1.4.5) lib/rack/session/abstract/id.rb:210:in `context'
  rack (1.4.5) lib/rack/session/abstract/id.rb:205:in `call'
  actionpack (3.2.12) lib/action_dispatch/middleware/cookies.rb:341:in `call'
  activerecord (3.2.12) lib/active_record/query_cache.rb:64:in `call'
  activerecord (3.2.12) lib/active_record/connection_adapters/abstract/connection_pool.rb:479:in `call'
  actionpack (3.2.12) lib/action_dispatch/middleware/callbacks.rb:28:in `call'
  activesupport (3.2.12) lib/active_support/callbacks.rb:405:in `_run__670290120__call__4__callbacks'
  activesupport (3.2.12) lib/active_support/callbacks.rb:405:in `send'
  activesupport (3.2.12) lib/active_support/callbacks.rb:405:in `__run_callback'
  activesupport (3.2.12) lib/active_support/callbacks.rb:385:in `_run_call_callbacks'
  activesupport (3.2.12) lib/active_support/callbacks.rb:81:in `send'
  activesupport (3.2.12) lib/active_support/callbacks.rb:81:in `run_callbacks'
  actionpack (3.2.12) lib/action_dispatch/middleware/callbacks.rb:27:in `call'
  actionpack (3.2.12) lib/action_dispatch/middleware/reloader.rb:65:in `call'
  actionpack (3.2.12) lib/action_dispatch/middleware/remote_ip.rb:31:in `call'
  actionpack (3.2.12) lib/action_dispatch/middleware/debug_exceptions.rb:16:in `call'
  actionpack (3.2.12) lib/action_dispatch/middleware/show_exceptions.rb:56:in `call'
  railties (3.2.12) lib/rails/rack/logger.rb:32:in `call_app'
  railties (3.2.12) lib/rails/rack/logger.rb:16:in `call'
  activesupport (3.2.12) lib/active_support/tagged_logging.rb:22:in `tagged'
  railties (3.2.12) lib/rails/rack/logger.rb:16:in `call'
  actionpack (3.2.12) lib/action_dispatch/middleware/request_id.rb:22:in `call'
  rack (1.4.5) lib/rack/methodoverride.rb:21:in `call'
  rack (1.4.5) lib/rack/runtime.rb:17:in `call'
  activesupport (3.2.12) lib/active_support/cache/strategy/local_cache.rb:72:in `call'
  rack (1.4.5) lib/rack/lock.rb:15:in `call'
  actionpack (3.2.12) lib/action_dispatch/middleware/static.rb:62:in `call'
  railties (3.2.12) lib/rails/engine.rb:479:in `call'
  railties (3.2.12) lib/rails/application.rb:223:in `call'
  rack (1.4.5) lib/rack/content_length.rb:14:in `call'
  railties (3.2.12) lib/rails/rack/log_tailer.rb:17:in `call'
  rack (1.4.5) lib/rack/handler/webrick.rb:59:in `service'
  /System/Library/Frameworks/Ruby.framework/Versions/1.8/usr/lib/ruby/1.8/webrick/httpserver.rb:104:in `service'
  /System/Library/Frameworks/Ruby.framework/Versions/1.8/usr/lib/ruby/1.8/webrick/httpserver.rb:65:in `run'
  /System/Library/Frameworks/Ruby.framework/Versions/1.8/usr/lib/ruby/1.8/webrick/server.rb:173:in `start_thread'
  /System/Library/Frameworks/Ruby.framework/Versions/1.8/usr/lib/ruby/1.8/webrick/server.rb:162:in `start'
  /System/Library/Frameworks/Ruby.framework/Versions/1.8/usr/lib/ruby/1.8/webrick/server.rb:162:in `start_thread'
  /System/Library/Frameworks/Ruby.framework/Versions/1.8/usr/lib/ruby/1.8/webrick/server.rb:95:in `start'
  /System/Library/Frameworks/Ruby.framework/Versions/1.8/usr/lib/ruby/1.8/webrick/server.rb:92:in `each'
  /System/Library/Frameworks/Ruby.framework/Versions/1.8/usr/lib/ruby/1.8/webrick/server.rb:92:in `start'
  /System/Library/Frameworks/Ruby.framework/Versions/1.8/usr/lib/ruby/1.8/webrick/server.rb:23:in `start'
  /System/Library/Frameworks/Ruby.framework/Versions/1.8/usr/lib/ruby/1.8/webrick/server.rb:82:in `start'
  rack (1.4.5) lib/rack/handler/webrick.rb:13:in `run'
  rack (1.4.5) lib/rack/server.rb:268:in `start'
  railties (3.2.12) lib/rails/commands/server.rb:70:in `start'
  railties (3.2.12) lib/rails/commands.rb:55
  railties (3.2.12) lib/rails/commands.rb:50:in `tap'
  railties (3.2.12) lib/rails/commands.rb:50
  script/rails:6:in `require'
  script/rails:6


  Rendered /Library/Ruby/Gems/1.8/gems/actionpack-3.2.12/lib/action_dispatch/middleware/templates/rescues/_trace.erb (1.8ms)
  Rendered /Library/Ruby/Gems/1.8/gems/actionpack-3.2.12/lib/action_dispatch/middleware/templates/rescues/_request_and_response.erb (1.1ms)
  Rendered /Library/Ruby/Gems/1.8/gems/actionpack-3.2.12/lib/action_dispatch/middleware/templates/rescues/diagnostics.erb within rescues/layout (13.5ms)


Started GET "/game/create" for 127.0.0.1 at Fri Mar 01 14:51:50 -0800 2013
Processing by GameController#create as HTML
  [1m[35m (0.1ms)[0m  begin transaction
  [1m[36mSQL (2.5ms)[0m  [1mINSERT INTO "games" ("active", "answer", "charset", "created_at", "guess_slots", "updated_at") VALUES (?, ?, ?, ?, ?, ?)[0m  [["active", true], ["answer", ""], ["charset", "rwbg"], ["created_at", Fri, 01 Mar 2013 22:51:50 UTC +00:00], ["guess_slots", 0], ["updated_at", Fri, 01 Mar 2013 22:51:50 UTC +00:00]]
  [1m[35m (2.0ms)[0m  commit transaction
Completed 200 OK in 48ms (Views: 0.2ms | ActiveRecord: 4.9ms)


Started GET "/game/1/show" for 127.0.0.1 at Fri Mar 01 14:51:55 -0800 2013

ActionController::RoutingError (No route matches [GET] "/game/1/show"):
  actionpack (3.2.12) lib/action_dispatch/middleware/debug_exceptions.rb:21:in `call'
  actionpack (3.2.12) lib/action_dispatch/middleware/show_exceptions.rb:56:in `call'
  railties (3.2.12) lib/rails/rack/logger.rb:32:in `call_app'
  railties (3.2.12) lib/rails/rack/logger.rb:16:in `call'
  activesupport (3.2.12) lib/active_support/tagged_logging.rb:22:in `tagged'
  railties (3.2.12) lib/rails/rack/logger.rb:16:in `call'
  actionpack (3.2.12) lib/action_dispatch/middleware/request_id.rb:22:in `call'
  rack (1.4.5) lib/rack/methodoverride.rb:21:in `call'
  rack (1.4.5) lib/rack/runtime.rb:17:in `call'
  activesupport (3.2.12) lib/active_support/cache/strategy/local_cache.rb:72:in `call'
  rack (1.4.5) lib/rack/lock.rb:15:in `call'
  actionpack (3.2.12) lib/action_dispatch/middleware/static.rb:62:in `call'
  railties (3.2.12) lib/rails/engine.rb:479:in `call'
  railties (3.2.12) lib/rails/application.rb:223:in `call'
  rack (1.4.5) lib/rack/content_length.rb:14:in `call'
  railties (3.2.12) lib/rails/rack/log_tailer.rb:17:in `call'
  rack (1.4.5) lib/rack/handler/webrick.rb:59:in `service'
  /System/Library/Frameworks/Ruby.framework/Versions/1.8/usr/lib/ruby/1.8/webrick/httpserver.rb:104:in `service'
  /System/Library/Frameworks/Ruby.framework/Versions/1.8/usr/lib/ruby/1.8/webrick/httpserver.rb:65:in `run'
  /System/Library/Frameworks/Ruby.framework/Versions/1.8/usr/lib/ruby/1.8/webrick/server.rb:173:in `start_thread'
  /System/Library/Frameworks/Ruby.framework/Versions/1.8/usr/lib/ruby/1.8/webrick/server.rb:162:in `start'
  /System/Library/Frameworks/Ruby.framework/Versions/1.8/usr/lib/ruby/1.8/webrick/server.rb:162:in `start_thread'
  /System/Library/Frameworks/Ruby.framework/Versions/1.8/usr/lib/ruby/1.8/webrick/server.rb:95:in `start'
  /System/Library/Frameworks/Ruby.framework/Versions/1.8/usr/lib/ruby/1.8/webrick/server.rb:92:in `each'
  /System/Library/Frameworks/Ruby.framework/Versions/1.8/usr/lib/ruby/1.8/webrick/server.rb:92:in `start'
  /System/Library/Frameworks/Ruby.framework/Versions/1.8/usr/lib/ruby/1.8/webrick/server.rb:23:in `start'
  /System/Library/Frameworks/Ruby.framework/Versions/1.8/usr/lib/ruby/1.8/webrick/server.rb:82:in `start'
  rack (1.4.5) lib/rack/handler/webrick.rb:13:in `run'
  rack (1.4.5) lib/rack/server.rb:268:in `start'
  railties (3.2.12) lib/rails/commands/server.rb:70:in `start'
  railties (3.2.12) lib/rails/commands.rb:55
  railties (3.2.12) lib/rails/commands.rb:50:in `tap'
  railties (3.2.12) lib/rails/commands.rb:50
  script/rails:6:in `require'
  script/rails:6


  Rendered /Library/Ruby/Gems/1.8/gems/actionpack-3.2.12/lib/action_dispatch/middleware/templates/rescues/routing_error.erb within rescues/layout (0.4ms)


Started GET "/game/show/1" for 127.0.0.1 at Fri Mar 01 14:52:01 -0800 2013
Processing by GameController#show as HTML
  Parameters: {"id"=>"1"}
  [1m[36mGame Load (0.2ms)[0m  [1mSELECT "games".* FROM "games" WHERE "games"."id" = 1 LIMIT 1[0m
  [1m[35m (0.1ms)[0m  SELECT COUNT(*) FROM "guesses" WHERE "guesses"."game_id" = 1
  [1m[36mGuess Load (0.1ms)[0m  [1mSELECT "guesses".* FROM "guesses" WHERE "guesses"."game_id" = 1[0m
Completed 200 OK in 15ms (Views: 0.3ms | ActiveRecord: 0.5ms)


Started GET "/game/1/guess/rrrr" for 127.0.0.1 at Fri Mar 01 14:52:10 -0800 2013
Processing by GuessController#guess as HTML
  Parameters: {"guess"=>"rrrr", "id"=>"1"}
  [1m[35mGame Load (0.1ms)[0m  SELECT "games".* FROM "games" WHERE "games"."id" = 1 LIMIT 1
  [1m[36m (0.0ms)[0m  [1mbegin transaction[0m
  [1m[35mSQL (0.4ms)[0m  INSERT INTO "guesses" ("created_at", "game_id", "guess", "updated_at") VALUES (?, ?, ?, ?)  [["created_at", Fri, 01 Mar 2013 22:52:10 UTC +00:00], ["game_id", 1], ["guess", "rrrr"], ["updated_at", Fri, 01 Mar 2013 22:52:10 UTC +00:00]]
  [1m[36m (1.9ms)[0m  [1mcommit transaction[0m
Completed 500 Internal Server Error in 10ms

NoMethodError (undefined method `[]' for nil:NilClass):
  app/models/game.rb:61:in `check_exact_match'
  app/models/game.rb:60:in `each'
  app/models/game.rb:60:in `each_with_index'
  app/models/game.rb:60:in `check_exact_match'
  app/models/game.rb:52:in `check_guess'
  app/models/game.rb:28:in `guess!'
  app/controllers/guess_controller.rb:5:in `guess'


  Rendered /Library/Ruby/Gems/1.8/gems/actionpack-3.2.12/lib/action_dispatch/middleware/templates/rescues/_trace.erb (1.0ms)
  Rendered /Library/Ruby/Gems/1.8/gems/actionpack-3.2.12/lib/action_dispatch/middleware/templates/rescues/_request_and_response.erb (0.7ms)
  Rendered /Library/Ruby/Gems/1.8/gems/actionpack-3.2.12/lib/action_dispatch/middleware/templates/rescues/diagnostics.erb within rescues/layout (7.2ms)


Started GET "/game/1/guess/rrrr" for 127.0.0.1 at Fri Mar 01 14:53:16 -0800 2013
Processing by GuessController#guess as HTML
  Parameters: {"guess"=>"rrrr", "id"=>"1"}
  [1m[35mGame Load (0.1ms)[0m  SELECT "games".* FROM "games" WHERE "games"."id" = 1 LIMIT 1
  [1m[36m (0.0ms)[0m  [1mbegin transaction[0m
  [1m[35mSQL (0.4ms)[0m  INSERT INTO "guesses" ("created_at", "game_id", "guess", "updated_at") VALUES (?, ?, ?, ?)  [["created_at", Fri, 01 Mar 2013 22:53:16 UTC +00:00], ["game_id", 1], ["guess", "rrrr"], ["updated_at", Fri, 01 Mar 2013 22:53:16 UTC +00:00]]
  [1m[36m (1.8ms)[0m  [1mcommit transaction[0m
Completed 500 Internal Server Error in 59ms

TypeError (exception class/object expected):
  app/models/game.rb:60:in `raise'
  app/models/game.rb:60:in `check_exact_match'
  app/models/game.rb:52:in `check_guess'
  app/models/game.rb:28:in `guess!'
  app/controllers/guess_controller.rb:5:in `guess'


  Rendered /Library/Ruby/Gems/1.8/gems/actionpack-3.2.12/lib/action_dispatch/middleware/templates/rescues/_trace.erb (1.0ms)
  Rendered /Library/Ruby/Gems/1.8/gems/actionpack-3.2.12/lib/action_dispatch/middleware/templates/rescues/_request_and_response.erb (0.6ms)
  Rendered /Library/Ruby/Gems/1.8/gems/actionpack-3.2.12/lib/action_dispatch/middleware/templates/rescues/diagnostics.erb within rescues/layout (7.2ms)


Started GET "/game/1/guess/rrrr" for 127.0.0.1 at Fri Mar 01 14:53:21 -0800 2013
Processing by GuessController#guess as HTML
  Parameters: {"guess"=>"rrrr", "id"=>"1"}
  [1m[35mGame Load (0.1ms)[0m  SELECT "games".* FROM "games" WHERE "games"."id" = 1 LIMIT 1
  [1m[36m (0.0ms)[0m  [1mbegin transaction[0m
  [1m[35mSQL (0.4ms)[0m  INSERT INTO "guesses" ("created_at", "game_id", "guess", "updated_at") VALUES (?, ?, ?, ?)  [["created_at", Fri, 01 Mar 2013 22:53:21 UTC +00:00], ["game_id", 1], ["guess", "rrrr"], ["updated_at", Fri, 01 Mar 2013 22:53:21 UTC +00:00]]
  [1m[36m (2.0ms)[0m  [1mcommit transaction[0m
Completed 500 Internal Server Error in 22ms

RuntimeError ():
  app/models/game.rb:60:in `check_exact_match'
  app/models/game.rb:52:in `check_guess'
  app/models/game.rb:28:in `guess!'
  app/controllers/guess_controller.rb:5:in `guess'


  Rendered /Library/Ruby/Gems/1.8/gems/actionpack-3.2.12/lib/action_dispatch/middleware/templates/rescues/_trace.erb (1.0ms)
  Rendered /Library/Ruby/Gems/1.8/gems/actionpack-3.2.12/lib/action_dispatch/middleware/templates/rescues/_request_and_response.erb (0.7ms)
  Rendered /Library/Ruby/Gems/1.8/gems/actionpack-3.2.12/lib/action_dispatch/middleware/templates/rescues/diagnostics.erb within rescues/layout (7.8ms)


Started GET "/game/1/guess/rrrr" for 127.0.0.1 at Fri Mar 01 14:53:33 -0800 2013
Processing by GuessController#guess as HTML
  Parameters: {"guess"=>"rrrr", "id"=>"1"}
  [1m[35mGame Load (0.1ms)[0m  SELECT "games".* FROM "games" WHERE "games"."id" = 1 LIMIT 1
  [1m[36m (0.1ms)[0m  [1mbegin transaction[0m
  [1m[35mSQL (0.6ms)[0m  INSERT INTO "guesses" ("created_at", "game_id", "guess", "updated_at") VALUES (?, ?, ?, ?)  [["created_at", Fri, 01 Mar 2013 22:53:33 UTC +00:00], ["game_id", 1], ["guess", "rrrr"], ["updated_at", Fri, 01 Mar 2013 22:53:33 UTC +00:00]]
  [1m[36m (2.0ms)[0m  [1mcommit transaction[0m
Completed 500 Internal Server Error in 28ms

RuntimeError ():
  app/models/game.rb:49:in `check_guess'
  app/models/game.rb:28:in `guess!'
  app/controllers/guess_controller.rb:5:in `guess'


  Rendered /Library/Ruby/Gems/1.8/gems/actionpack-3.2.12/lib/action_dispatch/middleware/templates/rescues/_trace.erb (1.0ms)
  Rendered /Library/Ruby/Gems/1.8/gems/actionpack-3.2.12/lib/action_dispatch/middleware/templates/rescues/_request_and_response.erb (1.1ms)
  Rendered /Library/Ruby/Gems/1.8/gems/actionpack-3.2.12/lib/action_dispatch/middleware/templates/rescues/diagnostics.erb within rescues/layout (11.3ms)


Started GET "/game/1/guess/rrrr" for 127.0.0.1 at Fri Mar 01 14:53:47 -0800 2013
Processing by GuessController#guess as HTML
  Parameters: {"guess"=>"rrrr", "id"=>"1"}
  [1m[35mGame Load (0.1ms)[0m  SELECT "games".* FROM "games" WHERE "games"."id" = 1 LIMIT 1
  [1m[36m (0.0ms)[0m  [1mbegin transaction[0m
  [1m[35mSQL (0.4ms)[0m  INSERT INTO "guesses" ("created_at", "game_id", "guess", "updated_at") VALUES (?, ?, ?, ?)  [["created_at", Fri, 01 Mar 2013 22:53:47 UTC +00:00], ["game_id", 1], ["guess", "rrrr"], ["updated_at", Fri, 01 Mar 2013 22:53:47 UTC +00:00]]
  [1m[36m (2.0ms)[0m  [1mcommit transaction[0m
Completed 500 Internal Server Error in 62ms

RuntimeError ():
  app/models/game.rb:49:in `check_guess'
  app/models/game.rb:28:in `guess!'
  app/controllers/guess_controller.rb:5:in `guess'


  Rendered /Library/Ruby/Gems/1.8/gems/actionpack-3.2.12/lib/action_dispatch/middleware/templates/rescues/_trace.erb (1.0ms)
  Rendered /Library/Ruby/Gems/1.8/gems/actionpack-3.2.12/lib/action_dispatch/middleware/templates/rescues/_request_and_response.erb (0.6ms)
  Rendered /Library/Ruby/Gems/1.8/gems/actionpack-3.2.12/lib/action_dispatch/middleware/templates/rescues/diagnostics.erb within rescues/layout (7.1ms)


Started GET "/game/show/1" for 127.0.0.1 at Fri Mar 01 14:53:58 -0800 2013
Processing by GameController#show as HTML
  Parameters: {"id"=>"1"}
  [1m[35mGame Load (0.1ms)[0m  SELECT "games".* FROM "games" WHERE "games"."id" = 1 LIMIT 1
  [1m[36m (0.1ms)[0m  [1mSELECT COUNT(*) FROM "guesses" WHERE "guesses"."game_id" = 1[0m
  [1m[35mGuess Load (0.1ms)[0m  SELECT "guesses".* FROM "guesses" WHERE "guesses"."game_id" = 1
Completed 200 OK in 22ms (Views: 0.6ms | ActiveRecord: 1.3ms)


Started GET "/game/show/1" for 127.0.0.1 at Fri Mar 01 14:54:21 -0800 2013
Processing by GameController#show as HTML
  Parameters: {"id"=>"1"}
  [1m[36mGame Load (0.1ms)[0m  [1mSELECT "games".* FROM "games" WHERE "games"."id" = 1 LIMIT 1[0m
  [1m[35m (0.1ms)[0m  SELECT COUNT(*) FROM "guesses" WHERE "guesses"."game_id" = 1
  [1m[36mGuess Load (0.1ms)[0m  [1mSELECT "guesses".* FROM "guesses" WHERE "guesses"."game_id" = 1[0m
Completed 200 OK in 55ms (Views: 0.4ms | ActiveRecord: 0.8ms)


Started GET "/game/create" for 127.0.0.1 at Fri Mar 01 14:54:25 -0800 2013
Processing by GameController#create as HTML
  [1m[35m (0.1ms)[0m  begin transaction
  [1m[36mSQL (0.6ms)[0m  [1mINSERT INTO "games" ("active", "answer", "charset", "created_at", "guess_slots", "updated_at") VALUES (?, ?, ?, ?, ?, ?)[0m  [["active", true], ["answer", ""], ["charset", "rwbg"], ["created_at", Fri, 01 Mar 2013 22:54:25 UTC +00:00], ["guess_slots", 0], ["updated_at", Fri, 01 Mar 2013 22:54:25 UTC +00:00]]
  [1m[35m (0.7ms)[0m  commit transaction
Completed 200 OK in 5ms (Views: 0.3ms | ActiveRecord: 1.3ms)


Started GET "/game/cheat/1" for 127.0.0.1 at Fri Mar 01 14:54:30 -0800 2013
Processing by GameController#cheat as HTML
  Parameters: {"id"=>"1"}
  [1m[36mGame Load (0.4ms)[0m  [1mSELECT "games".* FROM "games" WHERE "games"."id" = 1 LIMIT 1[0m
Completed 200 OK in 2ms (Views: 0.2ms | ActiveRecord: 0.4ms)


Started GET "/game/cheat/2" for 127.0.0.1 at Fri Mar 01 14:54:32 -0800 2013
Processing by GameController#cheat as HTML
  Parameters: {"id"=>"2"}
  [1m[35mGame Load (0.1ms)[0m  SELECT "games".* FROM "games" WHERE "games"."id" = 2 LIMIT 1
Completed 200 OK in 1ms (Views: 0.2ms | ActiveRecord: 0.1ms)


Started GET "/game/create" for 127.0.0.1 at Fri Mar 01 14:54:47 -0800 2013
Processing by GameController#create as HTML
Completed 500 Internal Server Error in 6ms

TypeError (exception class/object expected):
  app/models/game.rb:16:in `raise'
  app/models/game.rb:16:in `setup!'
  app/controllers/game_controller.rb:8:in `create'


  Rendered /Library/Ruby/Gems/1.8/gems/actionpack-3.2.12/lib/action_dispatch/middleware/templates/rescues/_trace.erb (0.9ms)
  Rendered /Library/Ruby/Gems/1.8/gems/actionpack-3.2.12/lib/action_dispatch/middleware/templates/rescues/_request_and_response.erb (0.6ms)
  Rendered /Library/Ruby/Gems/1.8/gems/actionpack-3.2.12/lib/action_dispatch/middleware/templates/rescues/diagnostics.erb within rescues/layout (6.8ms)


Started GET "/game/create" for 127.0.0.1 at Fri Mar 01 14:54:53 -0800 2013
Processing by GameController#create as HTML
Completed 500 Internal Server Error in 63ms

RuntimeError (Fixnum):
  app/models/game.rb:16:in `setup!'
  app/controllers/game_controller.rb:8:in `create'


  Rendered /Library/Ruby/Gems/1.8/gems/actionpack-3.2.12/lib/action_dispatch/middleware/templates/rescues/_trace.erb (1.8ms)
  Rendered /Library/Ruby/Gems/1.8/gems/actionpack-3.2.12/lib/action_dispatch/middleware/templates/rescues/_request_and_response.erb (1.0ms)
  Rendered /Library/Ruby/Gems/1.8/gems/actionpack-3.2.12/lib/action_dispatch/middleware/templates/rescues/diagnostics.erb within rescues/layout (12.5ms)


Started GET "/game/create" for 127.0.0.1 at Fri Mar 01 14:55:00 -0800 2013
Processing by GameController#create as HTML
Completed 500 Internal Server Error in 6ms

RuntimeError (0):
  app/models/game.rb:16:in `setup!'
  app/controllers/game_controller.rb:8:in `create'


  Rendered /Library/Ruby/Gems/1.8/gems/actionpack-3.2.12/lib/action_dispatch/middleware/templates/rescues/_trace.erb (0.9ms)
  Rendered /Library/Ruby/Gems/1.8/gems/actionpack-3.2.12/lib/action_dispatch/middleware/templates/rescues/_request_and_response.erb (0.6ms)
  Rendered /Library/Ruby/Gems/1.8/gems/actionpack-3.2.12/lib/action_dispatch/middleware/templates/rescues/diagnostics.erb within rescues/layout (7.0ms)


Started GET "/game/create" for 127.0.0.1 at Fri Mar 01 14:55:21 -0800 2013
Processing by GameController#create as HTML
Completed 500 Internal Server Error in 7ms

RuntimeError (4):
  app/models/game.rb:16:in `setup!'
  app/controllers/game_controller.rb:9:in `create'


  Rendered /Library/Ruby/Gems/1.8/gems/actionpack-3.2.12/lib/action_dispatch/middleware/templates/rescues/_trace.erb (1.0ms)
  Rendered /Library/Ruby/Gems/1.8/gems/actionpack-3.2.12/lib/action_dispatch/middleware/templates/rescues/_request_and_response.erb (0.6ms)
  Rendered /Library/Ruby/Gems/1.8/gems/actionpack-3.2.12/lib/action_dispatch/middleware/templates/rescues/diagnostics.erb within rescues/layout (7.7ms)


Started GET "/game/create" for 127.0.0.1 at Fri Mar 01 14:55:31 -0800 2013
Processing by GameController#create as HTML
  [1m[36m (0.0ms)[0m  [1mbegin transaction[0m
  [1m[35mSQL (0.4ms)[0m  INSERT INTO "games" ("active", "answer", "charset", "created_at", "guess_slots", "updated_at") VALUES (?, ?, ?, ?, ?, ?)  [["active", true], ["answer", "bbgb"], ["charset", "rwbg"], ["created_at", Fri, 01 Mar 2013 22:55:31 UTC +00:00], ["guess_slots", 4], ["updated_at", Fri, 01 Mar 2013 22:55:31 UTC +00:00]]
  [1m[36m (1.0ms)[0m  [1mcommit transaction[0m
Completed 200 OK in 9ms (Views: 0.2ms | ActiveRecord: 1.8ms)


Started GET "/game/1/show" for 127.0.0.1 at Fri Mar 01 14:55:37 -0800 2013

ActionController::RoutingError (No route matches [GET] "/game/1/show"):
  actionpack (3.2.12) lib/action_dispatch/middleware/debug_exceptions.rb:21:in `call'
  actionpack (3.2.12) lib/action_dispatch/middleware/show_exceptions.rb:56:in `call'
  railties (3.2.12) lib/rails/rack/logger.rb:32:in `call_app'
  railties (3.2.12) lib/rails/rack/logger.rb:16:in `call'
  activesupport (3.2.12) lib/active_support/tagged_logging.rb:22:in `tagged'
  railties (3.2.12) lib/rails/rack/logger.rb:16:in `call'
  actionpack (3.2.12) lib/action_dispatch/middleware/request_id.rb:22:in `call'
  rack (1.4.5) lib/rack/methodoverride.rb:21:in `call'
  rack (1.4.5) lib/rack/runtime.rb:17:in `call'
  activesupport (3.2.12) lib/active_support/cache/strategy/local_cache.rb:72:in `call'
  rack (1.4.5) lib/rack/lock.rb:15:in `call'
  actionpack (3.2.12) lib/action_dispatch/middleware/static.rb:62:in `call'
  railties (3.2.12) lib/rails/engine.rb:479:in `call'
  railties (3.2.12) lib/rails/application.rb:223:in `call'
  rack (1.4.5) lib/rack/content_length.rb:14:in `call'
  railties (3.2.12) lib/rails/rack/log_tailer.rb:17:in `call'
  rack (1.4.5) lib/rack/handler/webrick.rb:59:in `service'
  /System/Library/Frameworks/Ruby.framework/Versions/1.8/usr/lib/ruby/1.8/webrick/httpserver.rb:104:in `service'
  /System/Library/Frameworks/Ruby.framework/Versions/1.8/usr/lib/ruby/1.8/webrick/httpserver.rb:65:in `run'
  /System/Library/Frameworks/Ruby.framework/Versions/1.8/usr/lib/ruby/1.8/webrick/server.rb:173:in `start_thread'
  /System/Library/Frameworks/Ruby.framework/Versions/1.8/usr/lib/ruby/1.8/webrick/server.rb:162:in `start'
  /System/Library/Frameworks/Ruby.framework/Versions/1.8/usr/lib/ruby/1.8/webrick/server.rb:162:in `start_thread'
  /System/Library/Frameworks/Ruby.framework/Versions/1.8/usr/lib/ruby/1.8/webrick/server.rb:95:in `start'
  /System/Library/Frameworks/Ruby.framework/Versions/1.8/usr/lib/ruby/1.8/webrick/server.rb:92:in `each'
  /System/Library/Frameworks/Ruby.framework/Versions/1.8/usr/lib/ruby/1.8/webrick/server.rb:92:in `start'
  /System/Library/Frameworks/Ruby.framework/Versions/1.8/usr/lib/ruby/1.8/webrick/server.rb:23:in `start'
  /System/Library/Frameworks/Ruby.framework/Versions/1.8/usr/lib/ruby/1.8/webrick/server.rb:82:in `start'
  rack (1.4.5) lib/rack/handler/webrick.rb:13:in `run'
  rack (1.4.5) lib/rack/server.rb:268:in `start'
  railties (3.2.12) lib/rails/commands/server.rb:70:in `start'
  railties (3.2.12) lib/rails/commands.rb:55
  railties (3.2.12) lib/rails/commands.rb:50:in `tap'
  railties (3.2.12) lib/rails/commands.rb:50
  script/rails:6:in `require'
  script/rails:6


  Rendered /Library/Ruby/Gems/1.8/gems/actionpack-3.2.12/lib/action_dispatch/middleware/templates/rescues/routing_error.erb within rescues/layout (0.5ms)


Started GET "/game/1/show" for 127.0.0.1 at Fri Mar 01 14:55:52 -0800 2013
Processing by GameController#show as HTML
  Parameters: {"id"=>"1"}
  [1m[35mGame Load (0.1ms)[0m  SELECT "games".* FROM "games" WHERE "games"."id" = 1 LIMIT 1
  [1m[36m (0.1ms)[0m  [1mSELECT COUNT(*) FROM "guesses" WHERE "guesses"."game_id" = 1[0m
  [1m[35mGuess Load (0.1ms)[0m  SELECT "guesses".* FROM "guesses" WHERE "guesses"."game_id" = 1
Completed 200 OK in 16ms (Views: 0.4ms | ActiveRecord: 0.8ms)


Started GET "/game/1/show" for 127.0.0.1 at Fri Mar 01 14:56:03 -0800 2013
Processing by GameController#show as HTML
  Parameters: {"id"=>"1"}
  [1m[36mGame Load (0.2ms)[0m  [1mSELECT "games".* FROM "games" WHERE "games"."id" = 1 LIMIT 1[0m
  [1m[35m (0.1ms)[0m  SELECT COUNT(*) FROM "guesses" WHERE "guesses"."game_id" = 1
  [1m[36mGuess Load (0.2ms)[0m  [1mSELECT "guesses".* FROM "guesses" WHERE "guesses"."game_id" = 1[0m
Completed 200 OK in 24ms (Views: 0.4ms | ActiveRecord: 1.3ms)


Started GET "/game/5/show" for 127.0.0.1 at Fri Mar 01 14:56:07 -0800 2013
Processing by GameController#show as HTML
  Parameters: {"id"=>"5"}
  [1m[35mGame Load (0.1ms)[0m  SELECT "games".* FROM "games" WHERE "games"."id" = 5 LIMIT 1
Filter chain halted as :find_game rendered or redirected
Completed 200 OK in 2ms (Views: 0.1ms | ActiveRecord: 0.1ms)


Started GET "/game/4/show" for 127.0.0.1 at Fri Mar 01 14:56:11 -0800 2013
Processing by GameController#show as HTML
  Parameters: {"id"=>"4"}
  [1m[36mGame Load (0.2ms)[0m  [1mSELECT "games".* FROM "games" WHERE "games"."id" = 4 LIMIT 1[0m
Filter chain halted as :find_game rendered or redirected
Completed 200 OK in 1ms (Views: 0.2ms | ActiveRecord: 0.2ms)


Started GET "/game/3/show" for 127.0.0.1 at Fri Mar 01 14:56:13 -0800 2013
Processing by GameController#show as HTML
  Parameters: {"id"=>"3"}
  [1m[35mGame Load (0.2ms)[0m  SELECT "games".* FROM "games" WHERE "games"."id" = 3 LIMIT 1
  [1m[36m (0.2ms)[0m  [1mSELECT COUNT(*) FROM "guesses" WHERE "guesses"."game_id" = 3[0m
  [1m[35mGuess Load (0.2ms)[0m  SELECT "guesses".* FROM "guesses" WHERE "guesses"."game_id" = 3
Completed 200 OK in 5ms (Views: 0.5ms | ActiveRecord: 0.5ms)


Started GET "/game/3/guess/rrrr" for 127.0.0.1 at Fri Mar 01 14:56:24 -0800 2013
Processing by GuessController#guess as HTML
  Parameters: {"guess"=>"rrrr", "id"=>"3"}
  [1m[36mGame Load (0.1ms)[0m  [1mSELECT "games".* FROM "games" WHERE "games"."id" = 3 LIMIT 1[0m
  [1m[35m (0.0ms)[0m  begin transaction
  [1m[36mSQL (0.4ms)[0m  [1mINSERT INTO "guesses" ("created_at", "game_id", "guess", "updated_at") VALUES (?, ?, ?, ?)[0m  [["created_at", Fri, 01 Mar 2013 22:56:24 UTC +00:00], ["game_id", 3], ["guess", "rrrr"], ["updated_at", Fri, 01 Mar 2013 22:56:24 UTC +00:00]]
  [1m[35m (2.0ms)[0m  commit transaction
  [1m[36m (0.2ms)[0m  [1mSELECT COUNT(*) FROM "guesses" WHERE "guesses"."game_id" = 3[0m
Completed 200 OK in 10ms (Views: 0.5ms | ActiveRecord: 2.8ms)


Started GET "/game/3/cheat" for 127.0.0.1 at Fri Mar 01 14:56:34 -0800 2013
Processing by GameController#cheat as HTML
  Parameters: {"id"=>"3"}
  [1m[35mGame Load (0.2ms)[0m  SELECT "games".* FROM "games" WHERE "games"."id" = 3 LIMIT 1
Completed 200 OK in 2ms (Views: 0.3ms | ActiveRecord: 0.2ms)


Started GET "/game/3/guess/bbgb" for 127.0.0.1 at Fri Mar 01 14:56:50 -0800 2013
Processing by GuessController#guess as HTML
  Parameters: {"guess"=>"bbgb", "id"=>"3"}
  [1m[36mGame Load (0.2ms)[0m  [1mSELECT "games".* FROM "games" WHERE "games"."id" = 3 LIMIT 1[0m
  [1m[35m (0.1ms)[0m  begin transaction
  [1m[36mSQL (0.4ms)[0m  [1mINSERT INTO "guesses" ("created_at", "game_id", "guess", "updated_at") VALUES (?, ?, ?, ?)[0m  [["created_at", Fri, 01 Mar 2013 22:56:50 UTC +00:00], ["game_id", 3], ["guess", "bbgb"], ["updated_at", Fri, 01 Mar 2013 22:56:50 UTC +00:00]]
  [1m[35m (2.2ms)[0m  commit transaction
  [1m[36m (0.1ms)[0m  [1mbegin transaction[0m
  [1m[35m (0.3ms)[0m  UPDATE "games" SET "active" = 'f', "updated_at" = '2013-03-01 22:56:50.254888' WHERE "games"."id" = 3
  [1m[36m (0.6ms)[0m  [1mcommit transaction[0m
  [1m[35m (0.2ms)[0m  SELECT COUNT(*) FROM "guesses" WHERE "guesses"."game_id" = 3
Completed 200 OK in 13ms (Views: 0.4ms | ActiveRecord: 4.1ms)


Started GET "/game/3/guess/bbgb" for 127.0.0.1 at Fri Mar 01 14:56:53 -0800 2013
Processing by GuessController#guess as HTML
  Parameters: {"guess"=>"bbgb", "id"=>"3"}
  [1m[36mGame Load (0.1ms)[0m  [1mSELECT "games".* FROM "games" WHERE "games"."id" = 3 LIMIT 1[0m
Completed 200 OK in 39ms (Views: 0.2ms | ActiveRecord: 0.1ms)
